<?xml version="1.0" encoding="utf-8"?><testsuites name="pytest tests"><testsuite name="pytest" errors="0" failures="0" skipped="0" tests="11" time="4.120" timestamp="2026-06-26T04:56:02.103673+00:00" hostname="agent-env-8db79616-055d-4ed9-be19-c9a916c8dccf"><testcase classname="tests.test_zeroplus_backend" name="test_root_health" time="0.269" /><testcase classname="tests.test_zeroplus_backend" name="test_crypto_prices" time="0.222" /><testcase classname="tests.test_zeroplus_backend" name="test_crypto_trending" time="0.111" /><testcase classname="tests.test_zeroplus_backend" name="test_crypto_search" time="0.120" /><testcase classname="tests.test_zeroplus_backend" name="test_stocks_quote" time="0.760" /><testcase classname="tests.test_zeroplus_backend" name="test_stocks_search" time="0.156" /><testcase classname="tests.test_zeroplus_backend" name="test_fx_rates" time="0.316" /><testcase classname="tests.test_zeroplus_backend" name="test_news_topics" time="0.041" /><testcase classname="tests.test_zeroplus_backend" name="test_news_tech" time="1.458" /><testcase classname="tests.test_zeroplus_backend" name="test_news_invalid_topic" time="0.048" /><testcase classname="tests.test_zeroplus_backend" name="test_device_settings_put_then_get" time="0.095" /></testsuite></testsuites>